=== EXPERIMENT RUNNER ===
Start: Wed Jul  1 21:50:16 WIB 2026
Model: deit_tiny
Device: NVIDIA GeForce RTX 3060


============================================
EXPERIMENT: Baseline (no prune)
Command: python scripts/benchmark.py --model deit_tiny --head-ratio 1.0 --output results/runs/baseline
============================================
Device: cuda
Model: deit_tiny
Config: head_ratio=1.0, mlp_ratio=1.0, skip_blocks=0

=== Loading baseline model ===
Baseline: Traceback (most recent call last):
  File "/home/labti/vit-pruning-ptq/scripts/benchmark.py", line 161, in <module>
    main()
  File "/home/labti/vit-pruning-ptq/scripts/benchmark.py", line 57, in main
    print("Baseline:", baseline)
  File "/home/labti/vit-pruning-ptq/scripts/../core/evaluator.py", line 34, in __repr__
    f"  Top-1: {self.top1:.2f}% | Top-5: {self.top5:.2f}%",
               ^^^^^^^^^^^^^^^
TypeError: unsupported format string passed to NoneType.__format__
Exit code: 1
FAILED: Baseline (no prune)


============================================
EXPERIMENT: Head 0.75
Command: python scripts/benchmark.py --model deit_tiny --head-ratio 0.75 --output results/runs/h075
============================================
Device: cuda
Model: deit_tiny
Config: head_ratio=0.75, mlp_ratio=1.0, skip_blocks=0

=== Loading baseline model ===
Baseline: Traceback (most recent call last):
  File "/home/labti/vit-pruning-ptq/scripts/benchmark.py", line 161, in <module>
    main()
  File "/home/labti/vit-pruning-ptq/scripts/benchmark.py", line 57, in main
    print("Baseline:", baseline)
  File "/home/labti/vit-pruning-ptq/scripts/../core/evaluator.py", line 34, in __repr__
    f"  Top-1: {self.top1:.2f}% | Top-5: {self.top5:.2f}%",
               ^^^^^^^^^^^^^^^
TypeError: unsupported format string passed to NoneType.__format__
Exit code: 1
FAILED: Head 0.75


============================================
EXPERIMENT: Head 0.50
Command: python scripts/benchmark.py --model deit_tiny --head-ratio 0.50 --output results/runs/h050
============================================
Warning: You are sending unauthenticated requests to the HF Hub. Please set a HF_TOKEN to enable higher rate limits and faster downloads.
Device: cuda
Model: deit_tiny
Config: head_ratio=0.5, mlp_ratio=1.0, skip_blocks=0

=== Loading baseline model ===
Baseline: Traceback (most recent call last):
  File "/home/labti/vit-pruning-ptq/scripts/benchmark.py", line 161, in <module>
    main()
  File "/home/labti/vit-pruning-ptq/scripts/benchmark.py", line 57, in main
    print("Baseline:", baseline)
  File "/home/labti/vit-pruning-ptq/scripts/../core/evaluator.py", line 34, in __repr__
    f"  Top-1: {self.top1:.2f}% | Top-5: {self.top5:.2f}%",
               ^^^^^^^^^^^^^^^
TypeError: unsupported format string passed to NoneType.__format__
Exit code: 1
FAILED: Head 0.50


============================================
EXPERIMENT: Head 0.75 + MLP 0.75
Command: python scripts/benchmark.py --model deit_tiny --head-ratio 0.75 --mlp-ratio 0.75 --output results/runs/h075m075
============================================
Device: cuda
Model: deit_tiny
Config: head_ratio=0.75, mlp_ratio=0.75, skip_blocks=0

=== Loading baseline model ===
Baseline: Traceback (most recent call last):
  File "/home/labti/vit-pruning-ptq/scripts/benchmark.py", line 161, in <module>
    main()
  File "/home/labti/vit-pruning-ptq/scripts/benchmark.py", line 57, in main
    print("Baseline:", baseline)
  File "/home/labti/vit-pruning-ptq/scripts/../core/evaluator.py", line 34, in __repr__
    f"  Top-1: {self.top1:.2f}% | Top-5: {self.top5:.2f}%",
               ^^^^^^^^^^^^^^^
TypeError: unsupported format string passed to NoneType.__format__
Exit code: 1
FAILED: Head 0.75 + MLP 0.75


============================================
EXPERIMENT: Head 0.75 + MLP 0.50
Command: python scripts/benchmark.py --model deit_tiny --head-ratio 0.75 --mlp-ratio 0.50 --output results/runs/h075m050
============================================
Device: cuda
Model: deit_tiny
Config: head_ratio=0.75, mlp_ratio=0.5, skip_blocks=0

=== Loading baseline model ===
Baseline: Traceback (most recent call last):
  File "/home/labti/vit-pruning-ptq/scripts/benchmark.py", line 161, in <module>
    main()
  File "/home/labti/vit-pruning-ptq/scripts/benchmark.py", line 57, in main
    print("Baseline:", baseline)
  File "/home/labti/vit-pruning-ptq/scripts/../core/evaluator.py", line 34, in __repr__
    f"  Top-1: {self.top1:.2f}% | Top-5: {self.top5:.2f}%",
               ^^^^^^^^^^^^^^^
TypeError: unsupported format string passed to NoneType.__format__
Exit code: 1
FAILED: Head 0.75 + MLP 0.50


============================================
EXPERIMENT: Head 0.50 + MLP 0.75
Command: python scripts/benchmark.py --model deit_tiny --head-ratio 0.50 --mlp-ratio 0.75 --output results/runs/h050m075
============================================
Device: cuda
Model: deit_tiny
Config: head_ratio=0.5, mlp_ratio=0.75, skip_blocks=0

=== Loading baseline model ===
Baseline: Traceback (most recent call last):
  File "/home/labti/vit-pruning-ptq/scripts/benchmark.py", line 161, in <module>
    main()
  File "/home/labti/vit-pruning-ptq/scripts/benchmark.py", line 57, in main
    print("Baseline:", baseline)
  File "/home/labti/vit-pruning-ptq/scripts/../core/evaluator.py", line 34, in __repr__
    f"  Top-1: {self.top1:.2f}% | Top-5: {self.top5:.2f}%",
               ^^^^^^^^^^^^^^^
TypeError: unsupported format string passed to NoneType.__format__
Exit code: 1
FAILED: Head 0.50 + MLP 0.75


============================================
EXPERIMENT: Head 0.75 + PTQ
Command: python scripts/benchmark.py --model deit_tiny --head-ratio 0.75 --quantize --output results/runs/h075_q
============================================
Device: cuda
Model: deit_tiny
Config: head_ratio=0.75, mlp_ratio=1.0, skip_blocks=0

=== Loading baseline model ===
Baseline: Traceback (most recent call last):
  File "/home/labti/vit-pruning-ptq/scripts/benchmark.py", line 161, in <module>
    main()
  File "/home/labti/vit-pruning-ptq/scripts/benchmark.py", line 57, in main
    print("Baseline:", baseline)
  File "/home/labti/vit-pruning-ptq/scripts/../core/evaluator.py", line 34, in __repr__
    f"  Top-1: {self.top1:.2f}% | Top-5: {self.top5:.2f}%",
               ^^^^^^^^^^^^^^^
TypeError: unsupported format string passed to NoneType.__format__
Exit code: 1
FAILED: Head 0.75 + PTQ


============================================
EXPERIMENT: Head 0.75 + MLP 0.75 + PTQ
Command: python scripts/benchmark.py --model deit_tiny --head-ratio 0.75 --mlp-ratio 0.75 --quantize --output results/runs/h075m075_q
============================================
Device: cuda
Model: deit_tiny
Config: head_ratio=0.75, mlp_ratio=0.75, skip_blocks=0

=== Loading baseline model ===
Baseline: Traceback (most recent call last):
  File "/home/labti/vit-pruning-ptq/scripts/benchmark.py", line 161, in <module>
    main()
  File "/home/labti/vit-pruning-ptq/scripts/benchmark.py", line 57, in main
    print("Baseline:", baseline)
  File "/home/labti/vit-pruning-ptq/scripts/../core/evaluator.py", line 34, in __repr__
    f"  Top-1: {self.top1:.2f}% | Top-5: {self.top5:.2f}%",
               ^^^^^^^^^^^^^^^
TypeError: unsupported format string passed to NoneType.__format__
Exit code: 1
FAILED: Head 0.75 + MLP 0.75 + PTQ


============================================
EXPERIMENT: Head 0.50 + PTQ
Command: python scripts/benchmark.py --model deit_tiny --head-ratio 0.50 --quantize --output results/runs/h050_q
============================================
Device: cuda
Model: deit_tiny
Config: head_ratio=0.5, mlp_ratio=1.0, skip_blocks=0

=== Loading baseline model ===
Baseline: Traceback (most recent call last):
  File "/home/labti/vit-pruning-ptq/scripts/benchmark.py", line 161, in <module>
    main()
  File "/home/labti/vit-pruning-ptq/scripts/benchmark.py", line 57, in main
    print("Baseline:", baseline)
  File "/home/labti/vit-pruning-ptq/scripts/../core/evaluator.py", line 34, in __repr__
    f"  Top-1: {self.top1:.2f}% | Top-5: {self.top5:.2f}%",
               ^^^^^^^^^^^^^^^
TypeError: unsupported format string passed to NoneType.__format__
Exit code: 1
FAILED: Head 0.50 + PTQ


============================================
ALL EXPERIMENTS COMPLETE
End: Wed Jul  1 21:50:52 WIB 2026
============================================

=== RESULTS FILES ===

=== ANALYSIS TABLE ===
Found 0 experiments

Model                Config                    Params(M)  Size(MB)   Lat(ms)    Thr(img/s)  
------------------------------------------------------------------------------------------

